C51 COMPILER V8.02   MAIN                                                                  04/12/2015 12:33:15 PAGE 1   


C51 COMPILER V8.02, COMPILATION OF MODULE MAIN
OBJECT MODULE PLACED IN main.OBJ
COMPILER INVOKED BY: D:\³ÌÐò\C51\BIN\C51.EXE main.c BROWSE DEBUG OBJECTEXTEND

line level    source

   1          #include"ds18b20.h"
   2          int main(void)
   3          {
   4   1      LCD_init();
   5   1      LCD_clear();
   6   1      while(1)
   7   1      {
   8   2      uchar i;
   9   2      LCD_write_english_string(3,0,"WXJ_PCR");
  10   2      LCD_write_english_string(0,2,"TIME=");
  11   2      LCD_write_num(5,2,31,2);
  12   2      LCD_write_english_string(7,2,":");
  13   2      LCD_write_num(8,2,43,2);
  14   2      LCD_write_english_string(0,4,"NOW TEMP=");
  15   2      LCD_write_english_string(0,3,"AIM TEMP=");
  16   2      LCD_write_num(9,3,97,2);
  17   2      LCD_write_english_string(11,4,".");
  18   2      LCD_write_english_string(0,5,"COUNT=");
  19   2      LCD_write_num(6,5,13,2);
  20   2      LCD_write_english_string(8,5,":");
  21   2      LCD_write_num(9,5,35,2);
  22   2      temp = get_tmp();
  23   2      sendchangecmd();
  24   2      for(i=0;i<40;i++)
  25   2      {
  26   3      display(temp);
  27   3      }
  28   2      
  29   2      }
  30   1      }


MODULE INFORMATION:   STATIC OVERLAYABLE
   CODE SIZE        =   1152    ----
   CONSTANT SIZE    =    597    ----
   XDATA SIZE       =   ----    ----
   PDATA SIZE       =   ----    ----
   DATA SIZE        =      2      27
   IDATA SIZE       =   ----    ----
   BIT SIZE         =   ----       2
END OF MODULE INFORMATION.


C51 COMPILATION COMPLETE.  0 WARNING(S),  0 ERROR(S)
