C51 COMPILER V8.02   MAIN                                                                  04/13/2015 23:52:52 PAGE 1   


C51 COMPILER V8.02, COMPILATION OF MODULE MAIN
OBJECT MODULE PLACED IN main.OBJ
COMPILER INVOKED BY: D:\³ÌÐò\C51\BIN\C51.EXE main.c BROWSE DEBUG OBJECTEXTEND

line level    source

   1          #include"ds18b20.h"
   2          
   3          int main(void)
   4          {
   5   1      LCD_init();
   6   1      LCD_clear();
   7   1      while(1)
   8   1      {
   9   2      uchar i;
  10   2      LCD_write_english_string(3,0,"WXJ_PCR");
  11   2      LCD_write_english_string(0,2,"TIME=");
  12   2      LCD_write_num(5,2,31,2);
  13   2      LCD_write_english_string(7,2,":");
  14   2      LCD_write_num(8,2,43,2);
  15   2      LCD_write_english_string(0,4,"NOW TEMP=");
  16   2      LCD_write_english_string(0,3,"AIM TEMP=");
  17   2      LCD_write_num(9,3,97,2);
  18   2      LCD_write_english_string(11,4,".");
  19   2      LCD_write_english_string(0,5,"COUNT=");
  20   2      LCD_write_num(6,5,13,2);
  21   2      LCD_write_english_string(8,5,":");
  22   2      LCD_write_num(9,5,35,2);
  23   2      temp = get_tmp();
  24   2      sendchangecmd();
  25   2      for(i=0;i<40;i++)
  26   2      {
  27   3      display(temp);
  28   3      send(temp);
  29   3      }
  30   2      
  31   2      }
  32   1      }


MODULE INFORMATION:   STATIC OVERLAYABLE
   CODE SIZE        =   1347    ----
   CONSTANT SIZE    =    597    ----
   XDATA SIZE       =   ----    ----
   PDATA SIZE       =   ----    ----
   DATA SIZE        =      3      45
   IDATA SIZE       =   ----    ----
   BIT SIZE         =   ----       2
END OF MODULE INFORMATION.


C51 COMPILATION COMPLETE.  0 WARNING(S),  0 ERROR(S)
